<?xml version="1.0" encoding="UTF-8"?>
<testsuite xmlns:xsi="http://www.w3.org/2001/XMLSchema-instance" xsi:noNamespaceSchemaLocation="https://maven.apache.org/surefire/maven-surefire-plugin/xsd/surefire-test-report.xsd" name="JUnitDemo.JUnit.AppTest" time="0.04" tests="2" errors="0" skipped="0" failures="1">
  <properties>
[...]
</properties>
  <testcase name="testBusinessLogic" classname="JUnitDemo.JUnit.AppTest" time="0.008">
    <failure message="expected:&lt;false&gt; but was:&lt;true&gt;" type="java.lang.AssertionError"><![CDATA[java.lang.AssertionError: expected:<false> but was:<true>
	at JUnitDemo.JUnit.AppTest.testBusinessLogic(AppTest.java:24)
]]></failure>
  </testcase>
  <testcase name="testBusinessLogic1" classname="JUnitDemo.JUnit.AppTest" time="0"/>
</testsuite>